#
# A fatal error has been detected by the Java Runtime Environment:
#
#  EXCEPTION_ACCESS_VIOLATION (0xc0000005) at pc=0x000007fefa32aa53, pid=7388, tid=8808
#
# JRE version: Java(TM) SE Runtime Environment (8.0_31-b13) (build 1.8.0_31-b13)
# Java VM: Java HotSpot(TM) 64-Bit Server VM (25.31-b07 mixed mode windows-amd64 compressed oops)
# Problematic frame:
# C  [OPENGL32.dll+0x3aa53]
#
# Failed to write core dump. Minidumps are not enabled by default on client versions of Windows
#
# If you would like to submit a bug report, please visit:
#   http://bugreport.java.com/bugreport/crash.jsp
# The crash happened outside the Java Virtual Machine in native code.
# See problematic frame for where to report the bug.
#

---------------  T H R E A D  ---------------

Current thread (0x0000000058656800):  JavaThread "LWJGL Application" [_thread_in_native, id=8808, stack(0x000000005b400000,0x000000005b500000)]

siginfo: ExceptionCode=0xc0000005, reading address 0x0000000047012c83

Registers:
RAX=0x0000000000000000, RBX=0x0000000000000000, RCX=0x0000000047012c83, RDX=0x0000000000000000
RSP=0x000000005b4fed10, RBP=0x000000005b4fee10, RSI=0x0000000047012c83, RDI=0x0000000000000000
R8 =0x0000000000000169, R9 =0x000000005b4febf8, R10=0x0000000000000000, R11=0x000000005b4fece0
R12=0x0000000000000000, R13=0x000000005b4ff030, R14=0x000000005b4fee00, R15=0x0000000058656800
RIP=0x000007fefa32aa53, EFLAGS=0x0000000000010202

Top of Stack: (sp=0x000000005b4fed10)
0x000000005b4fed10:   0000000047012c82 0000000058656800
0x000000005b4fed20:   000007fefa2f0000 000000005b4fee10
0x000000005b4fed30:   000007fe5b4fee10 000007fefd2c34c0
0x000000005b4fed40:   0000000000000009 00000000770f70a4
0x000000005b4fed50:   000007fefd7fcfa0 000000005b4fee10
0x000000005b4fed60:   0000000000000000 0000000047012c83
0x000000005b4fed70:   000000005b4fee10 000007fefd7d9baf
0x000000005b4fed80:   000007fefa2f0000 000007fefa32aaa0
0x000000005b4fed90:   0000000047012c83 00000000d9a3ce10
0x000000005b4feda0:   0000000000000009 0000000002e240d4
0x000000005b4fedb0:   00000000db8e82e8 00000000db8e8308
0x000000005b4fedc0:   000000005b4ff078 00000000db8e82e8
0x000000005b4fedd0:   00000000db8e8308 0000000002f18c3c
0x000000005b4fede0:   00000000d9b41398 00000000d9a3e5b8
0x000000005b4fedf0:   0000000000000009 00000000db8e82e8
0x000000005b4fee00:   00000000db7a7f80 00000000d9a25bf8 

Instructions: (pc=0x000007fefa32aa53)
0x000007fefa32aa33:   28 4c 89 6c 24 20 e8 02 f9 ff ff 48 8b 5c 24 50
0x000007fefa32aa43:   8b f8 eb 02 8b f8 48 8b 4c 24 58 48 85 c9 74 08
0x000007fefa32aa53:   48 8b 01 ff 50 10 eb 10 48 3b dd 74 0b 48 8b d3
0x000007fefa32aa63:   33 c9 ff 15 a5 69 fc ff 48 8b 9c 24 00 01 00 00 


Register to memory mapping:

RAX=0x0000000000000000 is an unknown value
RBX=0x0000000000000000 is an unknown value
RCX=0x0000000047012c83 is an unknown value
RDX=0x0000000000000000 is an unknown value
RSP=0x000000005b4fed10 is pointing into the stack for thread: 0x0000000058656800
RBP=0x000000005b4fee10 is pointing into the stack for thread: 0x0000000058656800
RSI=0x0000000047012c83 is an unknown value
RDI=0x0000000000000000 is an unknown value
R8 =0x0000000000000169 is an unknown value
R9 =0x000000005b4febf8 is pointing into the stack for thread: 0x0000000058656800
R10=0x0000000000000000 is an unknown value
R11=0x000000005b4fece0 is pointing into the stack for thread: 0x0000000058656800
R12=0x0000000000000000 is an unknown value
R13=0x000000005b4ff030 is pointing into the stack for thread: 0x0000000058656800
R14=0x000000005b4fee00 is pointing into the stack for thread: 0x0000000058656800
R15=0x0000000058656800 is a thread


Stack: [0x000000005b400000,0x000000005b500000],  sp=0x000000005b4fed10,  free space=1019k
Native frames: (J=compiled Java code, j=interpreted, Vv=VM code, C=native code)
C  [OPENGL32.dll+0x3aa53]
C  0x00000000d9a25bf8

Java frames: (J=compiled Java code, j=interpreted, Vv=VM code)
J 1287  org.lwjgl.opengl.WindowsContextImplementation.nSwapBuffers(Ljava/nio/ByteBuffer;)V (0 bytes) @ 0x0000000002e24052 [0x0000000002e24000+0x52]
J 1285 C1 org.lwjgl.opengl.WindowsContextImplementation.swapBuffers()V (67 bytes) @ 0x0000000002e27924 [0x0000000002e274c0+0x464]
J 1283 C1 org.lwjgl.opengl.DrawableGL.swapBuffers()V (4 bytes) @ 0x0000000002e252dc [0x0000000002e25200+0xdc]
J 1282 C1 org.lwjgl.opengl.Display.swapBuffers()V (55 bytes) @ 0x0000000002e259cc [0x0000000002e25680+0x34c]
J 1280 C1 org.lwjgl.opengl.Display.update(Z)V (154 bytes) @ 0x0000000002e2883c [0x0000000002e283e0+0x45c]
j  com.badlogic.gdx.backends.lwjgl.LwjglApplication.mainLoop()V+690
j  com.badlogic.gdx.backends.lwjgl.LwjglApplication$1.run()V+27
v  ~StubRoutines::call_stub

---------------  P R O C E S S  ---------------

Java Threads: ( => current thread )
  0x000000005b637000 JavaThread "LWJGL Timer" daemon [_thread_blocked, id=7156, stack(0x000000005e1d0000,0x000000005e2d0000)]
  0x000000005b5f0800 JavaThread "AsynchExecutor-Thread" daemon [_thread_blocked, id=4332, stack(0x000000005c110000,0x000000005c210000)]
  0x0000000002118000 JavaThread "DestroyJavaVM" [_thread_blocked, id=5636, stack(0x0000000002570000,0x0000000002670000)]
=>0x0000000058656800 JavaThread "LWJGL Application" [_thread_in_native, id=8808, stack(0x000000005b400000,0x000000005b500000)]
  0x00000000583bc800 JavaThread "Service Thread" daemon [_thread_blocked, id=7272, stack(0x0000000058c40000,0x0000000058d40000)]
  0x00000000583ae800 JavaThread "C1 CompilerThread2" daemon [_thread_blocked, id=7840, stack(0x0000000058a00000,0x0000000058b00000)]
  0x0000000056e8d800 JavaThread "C2 CompilerThread1" daemon [_thread_blocked, id=4268, stack(0x0000000058750000,0x0000000058850000)]
  0x0000000056e88800 JavaThread "C2 CompilerThread0" daemon [_thread_blocked, id=8944, stack(0x0000000058860000,0x0000000058960000)]
  0x0000000056e87000 JavaThread "Attach Listener" daemon [_thread_blocked, id=8340, stack(0x0000000057fb0000,0x00000000580b0000)]
  0x0000000056e84000 JavaThread "Signal Dispatcher" daemon [_thread_blocked, id=8516, stack(0x0000000058250000,0x0000000058350000)]
  0x0000000056e26000 JavaThread "Finalizer" daemon [_thread_blocked, id=9128, stack(0x0000000058100000,0x0000000058200000)]
  0x0000000056e1d000 JavaThread "Reference Handler" daemon [_thread_blocked, id=7812, stack(0x0000000057c80000,0x0000000057d80000)]

Other Threads:
  0x0000000056e19800 VMThread [stack: 0x0000000057e30000,0x0000000057f30000] [id=7160]
  0x00000000583bf800 WatcherThread [stack: 0x0000000058d70000,0x0000000058e70000] [id=5116]

VM state:not at safepoint (normal execution)

VM Mutex/Monitor currently owned by a thread: None

Heap:
 PSYoungGen      total 34816K, used 6253K [0x00000000d9a00000, 0x00000000dc080000, 0x0000000100000000)
  eden space 30208K, 5% used [0x00000000d9a00000,0x00000000d9b9ba88,0x00000000db780000)
  from space 4608K, 99% used [0x00000000db780000,0x00000000dbbffc78,0x00000000dbc00000)
  to   space 4608K, 0% used [0x00000000dbc00000,0x00000000dbc00000,0x00000000dc080000)
 ParOldGen       total 79360K, used 429K [0x000000008ce00000, 0x0000000091b80000, 0x00000000d9a00000)
  object space 79360K, 0% used [0x000000008ce00000,0x000000008ce6b7a0,0x0000000091b80000)
 Metaspace       used 9740K, capacity 9887K, committed 9984K, reserved 1058816K
  class space    used 950K, capacity 980K, committed 1024K, reserved 1048576K

Card table byte_map: [0x0000000011d00000,0x00000000120a0000] byte_map_base: 0x0000000011899000

Marking Bits: (ParMarkBitMap*) 0x000000005ec9d4f0
 Begin Bits: [0x0000000012760000, 0x0000000014428000)
 End Bits:   [0x0000000014428000, 0x00000000160f0000)

Polling page: 0x0000000000420000

CodeCache: size=245760Kb used=6252Kb max_used=6320Kb free=239507Kb
 bounds [0x0000000002940000, 0x0000000002f80000, 0x0000000011940000]
 total_blobs=2087 nmethods=1603 adapters=398
 compilation: enabled

Compilation events (10 events):
Event: 64.559 Thread 0x00000000583ae800 1621       3       com.badlogic.gdx.scenes.scene2d.ui.Table$5::get (23 bytes)
Event: 64.559 Thread 0x00000000583ae800 nmethod 1621 0x0000000002a5efd0 code [0x0000000002a5f140, 0x0000000002a5f4f0]
Event: 64.699 Thread 0x0000000056e8d800 1622       4       com.badlogic.gdx.utils.TimSort::countRunAndMakeAscending (109 bytes)
Event: 64.718 Thread 0x0000000056e8d800 nmethod 1622 0x0000000002a55450 code [0x0000000002a55640, 0x0000000002a56568]
Event: 64.865 Thread 0x0000000056e88800 1623       4       java.lang.StringBuilder::append (6 bytes)
Event: 64.870 Thread 0x0000000056e88800 nmethod 1623 0x0000000002a496d0 code [0x0000000002a49840, 0x0000000002a49c88]
Event: 66.161 Thread 0x0000000056e8d800 1624       4       com.badlogic.gdx.math.Affine2::setToTrnRotScl (92 bytes)
Event: 66.162 Thread 0x0000000056e8d800 nmethod 1624 0x0000000002ab5650 code [0x0000000002ab57c0, 0x0000000002ab58d8]
Event: 67.191 Thread 0x0000000056e88800 1625       4       java.util.regex.Pattern$BitClass::isSatisfiedBy (22 bytes)
Event: 67.192 Thread 0x0000000056e88800 nmethod 1625 0x0000000002ab53d0 code [0x0000000002ab5500, 0x0000000002ab5598]

GC Heap History (2 events):
Event: 64.512 GC heap before
{Heap before GC invocations=1 (full 0):
 PSYoungGen      total 34816K, used 30208K [0x00000000d9a00000, 0x00000000dc080000, 0x0000000100000000)
  eden space 30208K, 100% used [0x00000000d9a00000,0x00000000db780000,0x00000000db780000)
  from space 4608K, 0% used [0x00000000dbc00000,0x00000000dbc00000,0x00000000dc080000)
  to   space 4608K, 0% used [0x00000000db780000,0x00000000db780000,0x00000000dbc00000)
 ParOldGen       total 79360K, used 0K [0x000000008ce00000, 0x0000000091b80000, 0x00000000d9a00000)
  object space 79360K, 0% used [0x000000008ce00000,0x000000008ce00000,0x0000000091b80000)
 Metaspace       used 9728K, capacity 9887K, committed 9984K, reserved 1058816K
  class space    used 950K, capacity 980K, committed 1024K, reserved 1048576K
Event: 64.519 GC heap after
Heap after GC invocations=1 (full 0):
 PSYoungGen      total 34816K, used 4607K [0x00000000d9a00000, 0x00000000dc080000, 0x0000000100000000)
  eden space 30208K, 0% used [0x00000000d9a00000,0x00000000d9a00000,0x00000000db780000)
  from space 4608K, 99% used [0x00000000db780000,0x00000000dbbffc78,0x00000000dbc00000)
  to   space 4608K, 0% used [0x00000000dbc00000,0x00000000dbc00000,0x00000000dc080000)
 ParOldGen       total 79360K, used 429K [0x000000008ce00000, 0x0000000091b80000, 0x00000000d9a00000)
  object space 79360K, 0% used [0x000000008ce00000,0x000000008ce6b7a0,0x0000000091b80000)
 Metaspace       used 9728K, capacity 9887K, committed 9984K, reserved 1058816K
  class space    used 950K, capacity 980K, committed 1024K, reserved 1048576K
}

Deoptimization events (10 events):
Event: 3.760 Thread 0x0000000058656800 Uncommon trap: reason=unreached action=reinterpret pc=0x0000000002b73ff8 method=com.badlogic.gdx.assets.AssetLoadingTask.handleAsyncLoader()V @ 19
Event: 3.810 Thread 0x0000000058656800 Uncommon trap: reason=unreached action=reinterpret pc=0x0000000002ba477c method=java.util.zip.ZipCoder.encoder()Ljava/nio/charset/CharsetEncoder; @ 4
Event: 16.027 Thread 0x0000000058656800 Uncommon trap: reason=uninitialized action=reinterpret pc=0x0000000002e61e38 method=com.badlogic.gdx.scenes.scene2d.Actor.act(F)V @ 60
Event: 16.542 Thread 0x0000000058656800 Uncommon trap: reason=unreached action=reinterpret pc=0x0000000002d8a12c method=com.badlogic.gdx.utils.SnapshotArray.end()V @ 30
Event: 60.318 Thread 0x0000000058656800 Uncommon trap: reason=array_check action=maybe_recompile pc=0x0000000002e3a800 method=com.badlogic.gdx.utils.Array.add(Ljava/lang/Object;)V @ 46
Event: 60.319 Thread 0x0000000058656800 Uncommon trap: reason=array_check action=maybe_recompile pc=0x0000000002e3a800 method=com.badlogic.gdx.utils.Array.add(Ljava/lang/Object;)V @ 46
Event: 60.319 Thread 0x0000000058656800 Uncommon trap: reason=array_check action=maybe_recompile pc=0x0000000002e3a800 method=com.badlogic.gdx.utils.Array.add(Ljava/lang/Object;)V @ 46
Event: 60.320 Thread 0x0000000058656800 Uncommon trap: reason=array_check action=maybe_recompile pc=0x0000000002e3a800 method=com.badlogic.gdx.utils.Array.add(Ljava/lang/Object;)V @ 46
Event: 60.339 Thread 0x0000000058656800 Uncommon trap: reason=bimorphic action=maybe_recompile pc=0x0000000002e6f554 method=com.badlogic.gdx.scenes.scene2d.ui.WidgetGroup.validate()V @ 114
Event: 64.557 Thread 0x0000000058656800 Uncommon trap: reason=predicate action=maybe_recompile pc=0x0000000002e9839c method=com.badlogic.gdx.utils.TimSort.countRunAndMakeAscending([Ljava/lang/Object;IILjava/util/Comparator;)I @ 38

Internal exceptions (10 events):
Event: 60.336 Thread 0x0000000058656800 Exception <a 'java/security/PrivilegedActionException'> (0x00000000db5798c8) thrown at [C:\workspace\8-2-build-windows-amd64-cygwin\jdk8u31\2394\hotspot\src\share\vm\prims\jvm.cpp, line 1312]
Event: 60.337 Thread 0x0000000058656800 Exception <a 'java/security/PrivilegedActionException'> (0x00000000db57c920) thrown at [C:\workspace\8-2-build-windows-amd64-cygwin\jdk8u31\2394\hotspot\src\share\vm\prims\jvm.cpp, line 1312]
Event: 60.337 Thread 0x0000000058656800 Exception <a 'java/security/PrivilegedActionException'> (0x00000000db57fcf8) thrown at [C:\workspace\8-2-build-windows-amd64-cygwin\jdk8u31\2394\hotspot\src\share\vm\prims\jvm.cpp, line 1312]
Event: 60.337 Thread 0x0000000058656800 Exception <a 'java/security/PrivilegedActionException'> (0x00000000db583df0) thrown at [C:\workspace\8-2-build-windows-amd64-cygwin\jdk8u31\2394\hotspot\src\share\vm\prims\jvm.cpp, line 1312]
Event: 60.338 Thread 0x0000000058656800 Exception <a 'java/security/PrivilegedActionException'> (0x00000000db586f90) thrown at [C:\workspace\8-2-build-windows-amd64-cygwin\jdk8u31\2394\hotspot\src\share\vm\prims\jvm.cpp, line 1312]
Event: 60.338 Thread 0x0000000058656800 Exception <a 'java/security/PrivilegedActionException'> (0x00000000db589fa8) thrown at [C:\workspace\8-2-build-windows-amd64-cygwin\jdk8u31\2394\hotspot\src\share\vm\prims\jvm.cpp, line 1312]
Event: 60.339 Thread 0x0000000058656800 Exception <a 'java/security/PrivilegedActionException'> (0x00000000db58cfa0) thrown at [C:\workspace\8-2-build-windows-amd64-cygwin\jdk8u31\2394\hotspot\src\share\vm\prims\jvm.cpp, line 1312]
Event: 60.340 Thread 0x0000000058656800 Exception <a 'java/security/PrivilegedActionException'> (0x00000000db5908a8) thrown at [C:\workspace\8-2-build-windows-amd64-cygwin\jdk8u31\2394\hotspot\src\share\vm\prims\jvm.cpp, line 1312]
Event: 60.343 Thread 0x0000000058656800 Exception <a 'java/security/PrivilegedActionException'> (0x00000000db597668) thrown at [C:\workspace\8-2-build-windows-amd64-cygwin\jdk8u31\2394\hotspot\src\share\vm\prims\jvm.cpp, line 1312]
Event: 60.347 Thread 0x0000000058656800 Exception <a 'java/security/PrivilegedActionException'> (0x00000000db59a3c8) thrown at [C:\workspace\8-2-build-windows-amd64-cygwin\jdk8u31\2394\hotspot\src\share\vm\prims\jvm.cpp, line 1312]

Events (10 events):
Event: 64.553 Thread 0x00000000583ae800 flushing nmethod 0x0000000002a8d150
Event: 64.553 Thread 0x00000000583ae800 flushing nmethod 0x0000000002a8fad0
Event: 64.553 Thread 0x00000000583ae800 flushing nmethod 0x0000000002a91090
Event: 64.553 Thread 0x00000000583ae800 flushing nmethod 0x0000000002ab54d0
Event: 64.554 Thread 0x00000000583ae800 flushing nmethod 0x0000000002ab76d0
Event: 64.554 Thread 0x00000000583ae800 flushing nmethod 0x0000000002ac7a10
Event: 64.557 Thread 0x0000000058656800 Uncommon trap: trap_request=0xffffff86 fr.pc=0x0000000002e9839c
Event: 64.557 Thread 0x0000000058656800 DEOPT PACKING pc=0x0000000002e9839c sp=0x000000005b4fec50
Event: 64.557 Thread 0x0000000058656800 DEOPT UNPACKING pc=0x000000000298556a sp=0x000000005b4febf8 mode 2
Event: 64.718 Thread 0x0000000056e8d800 flushing nmethod 0x0000000002b85210


Dynamic libraries:
0x000000013f390000 - 0x000000013f3c4000 	C:\Program Files\Java\jre1.8.0_31\bin\javaw.exe
0x0000000077200000 - 0x00000000773a9000 	C:\Windows\SYSTEM32\ntdll.dll
0x00000000770e0000 - 0x00000000771ff000 	C:\Windows\system32\kernel32.dll
0x000007fefd2c0000 - 0x000007fefd32b000 	C:\Windows\system32\KERNELBASE.dll
0x000007fefe9b0000 - 0x000007fefea8b000 	C:\Windows\system32\ADVAPI32.dll
0x000007feff010000 - 0x000007feff0af000 	C:\Windows\system32\msvcrt.dll
0x000007fefed90000 - 0x000007fefedaf000 	C:\Windows\SYSTEM32\sechost.dll
0x000007fefd840000 - 0x000007fefd96d000 	C:\Windows\system32\RPCRT4.dll
0x0000000076fe0000 - 0x00000000770da000 	C:\Windows\system32\USER32.dll
0x000007fefd7a0000 - 0x000007fefd807000 	C:\Windows\system32\GDI32.dll
0x000007feff500000 - 0x000007feff50e000 	C:\Windows\system32\LPK.dll
0x000007feff100000 - 0x000007feff1c9000 	C:\Windows\system32\USP10.dll
0x000007fefb8f0000 - 0x000007fefbae4000 	C:\Windows\WinSxS\amd64_microsoft.windows.common-controls_6595b64144ccf1df_6.0.7601.17514_none_fa396087175ac9ac\COMCTL32.dll
0x000007fefd3e0000 - 0x000007fefd451000 	C:\Windows\system32\SHLWAPI.dll
0x000007fefd810000 - 0x000007fefd83e000 	C:\Windows\system32\IMM32.DLL
0x000007feff230000 - 0x000007feff339000 	C:\Windows\system32\MSCTF.dll
0x00000000787b0000 - 0x0000000078882000 	C:\Program Files\Java\jre1.8.0_31\bin\msvcr100.dll
0x000000005e4c0000 - 0x000000005ed1a000 	C:\Program Files\Java\jre1.8.0_31\bin\server\jvm.dll
0x000007fef0fb0000 - 0x000007fef0fb9000 	C:\Windows\system32\WSOCK32.dll
0x000007feff0b0000 - 0x000007feff0fd000 	C:\Windows\system32\WS2_32.dll
0x000007fefeca0000 - 0x000007fefeca8000 	C:\Windows\system32\NSI.dll
0x000007fefa7c0000 - 0x000007fefa7fb000 	C:\Windows\system32\WINMM.dll
0x00000000773c0000 - 0x00000000773c7000 	C:\Windows\system32\PSAPI.DLL
0x0000000066870000 - 0x000000006687f000 	C:\Program Files\Java\jre1.8.0_31\bin\verify.dll
0x0000000064960000 - 0x0000000064988000 	C:\Program Files\Java\jre1.8.0_31\bin\java.dll
0x0000000064a40000 - 0x0000000064a56000 	C:\Program Files\Java\jre1.8.0_31\bin\zip.dll
0x000007fefdc20000 - 0x000007fefe9a8000 	C:\Windows\system32\SHELL32.dll
0x000007fefea90000 - 0x000007fefec93000 	C:\Windows\system32\ole32.dll
0x000007fefcfb0000 - 0x000007fefcfbf000 	C:\Windows\system32\profapi.dll
0x0000000065580000 - 0x0000000065616000 	C:\Users\Edgardo\AppData\Local\Temp\libgdxEdgardo\4682120f\gdx64.dll
0x000007fefc840000 - 0x000007fefc857000 	C:\Windows\system32\CRYPTSP.dll
0x000007fefc540000 - 0x000007fefc587000 	C:\Windows\system32\rsaenh.dll
0x000007fefc2a0000 - 0x000007fefc2be000 	C:\Windows\system32\USERENV.dll
0x000007fefcea0000 - 0x000007fefceaf000 	C:\Windows\system32\CRYPTBASE.dll
0x0000000064940000 - 0x000000006495a000 	C:\Program Files\Java\jre1.8.0_31\bin\net.dll
0x000007fefc7e0000 - 0x000007fefc835000 	C:\Windows\system32\mswsock.dll
0x000007fefc7d0000 - 0x000007fefc7d7000 	C:\Windows\System32\wship6.dll
0x000007fef9850000 - 0x000007fef9877000 	C:\Windows\system32\IPHLPAPI.DLL
0x000007fef9810000 - 0x000007fef981b000 	C:\Windows\system32\WINNSI.DLL
0x000007fef95b0000 - 0x000007fef95c1000 	C:\Windows\system32\dhcpcsvc6.DLL
0x000007fef9590000 - 0x000007fef95a8000 	C:\Windows\system32\dhcpcsvc.DLL
0x0000000064920000 - 0x0000000064931000 	C:\Program Files\Java\jre1.8.0_31\bin\nio.dll
0x0000000180000000 - 0x0000000180053000 	C:\Users\Edgardo\AppData\Local\Temp\libgdxEdgardo\dc0f0009\lwjgl64.dll
0x000007fefa2f0000 - 0x000007fefa40d000 	C:\Windows\system32\OPENGL32.dll
0x000007fefa2c0000 - 0x000007fefa2ed000 	C:\Windows\system32\GLU32.dll
0x000007fee2130000 - 0x000007fee2221000 	C:\Windows\system32\DDRAW.dll
0x000007feeabb0000 - 0x000007feeabb8000 	C:\Windows\system32\DCIMAN32.dll
0x000007fefd5c0000 - 0x000007fefd797000 	C:\Windows\system32\SETUPAPI.dll
0x000007fefd360000 - 0x000007fefd396000 	C:\Windows\system32\CFGMGR32.dll
0x000007fefecb0000 - 0x000007fefed87000 	C:\Windows\system32\OLEAUT32.dll
0x000007fefd3b0000 - 0x000007fefd3ca000 	C:\Windows\system32\DEVOBJ.dll
0x000007fefad30000 - 0x000007fefad48000 	C:\Windows\system32\dwmapi.dll
0x000007fefc0c0000 - 0x000007fefc0cc000 	C:\Windows\system32\VERSION.dll
0x0000000001cc0000 - 0x0000000001d24000 	C:\Users\Edgardo\AppData\Local\Temp\libgdxEdgardo\dc0f0009\OpenAL64.dll
0x000007fefb6e0000 - 0x000007fefb736000 	C:\Windows\system32\uxtheme.dll
0x0000000063570000 - 0x00000000635a9000 	C:\Fraps\fraps64.dll
0x000007feeab80000 - 0x000007feeaba7000 	C:\Program Files (x86)\Raptr\ltc_help64-96006.dll
0x000007fefd060000 - 0x000007fefd09a000 	C:\Windows\system32\WINTRUST.dll
0x000007fefd0a0000 - 0x000007fefd20c000 	C:\Windows\system32\CRYPT32.dll
0x000007fefd050000 - 0x000007fefd05f000 	C:\Windows\system32\MSASN1.dll
0x000007feed890000 - 0x000007feed90f000 	C:\Program Files\Common Files\microsoft shared\ink\tiptsf.dll
0x000007feff3e0000 - 0x000007feff479000 	C:\Windows\system32\CLBCatQ.DLL
0x000007fefb770000 - 0x000007fefb89c000 	C:\Windows\System32\PROPSYS.dll
0x000007feeaac0000 - 0x000007feeab48000 	C:\Windows\system32\dsound.dll
0x000007fefb740000 - 0x000007fefb76c000 	C:\Windows\system32\POWRPROF.dll
0x000007fefaee0000 - 0x000007fefaf2b000 	C:\Windows\System32\MMDevApi.dll
0x000007fef7ec0000 - 0x000007fef7f0f000 	C:\Windows\system32\AUDIOSES.DLL
0x000007feeef20000 - 0x000007feeef28000 	C:\Genius\ioTablet\gTabletTaskDll.dll
0x000007fef9040000 - 0x000007fef9094000 	C:\Windows\system32\oleacc.dll
0x000007fefa2a0000 - 0x000007fefa2b8000 	C:\Windows\system32\atig6pxx.dll
0x0000000068600000 - 0x000000006a1ae000 	C:\Windows\system32\atio6axx.dll
0x000007fee2490000 - 0x000007fee25c8000 	C:\Windows\system32\atiadlxx.dll
0x000007fefbf00000 - 0x000007fefbf11000 	C:\Windows\system32\WTSAPI32.dll
0x000007fef9f90000 - 0x000007fef9fb9000 	C:\Windows\system32\atig6txx.dll
0x000007fedaf70000 - 0x000007fedb00c000 	C:\Windows\system32\mscms.dll
0x000007fedaed0000 - 0x000007fedaf12000 	C:\Windows\system32\icm32.dll
0x000007fefeff0000 - 0x000007feff009000 	C:\Windows\system32\imagehlp.dll
0x000007fefc9c0000 - 0x000007fefca0d000 	C:\Windows\system32\ncrypt.dll
0x000007fefc990000 - 0x000007fefc9b2000 	C:\Windows\system32\bcrypt.dll
0x000007fefc430000 - 0x000007fefc47c000 	C:\Windows\system32\bcryptprimitives.dll
0x000007fefc280000 - 0x000007fefc29b000 	C:\Windows\system32\GPAPI.dll
0x000007fef8310000 - 0x000007fef8337000 	C:\Windows\system32\cryptnet.dll
0x000007feff1d0000 - 0x000007feff222000 	C:\Windows\system32\WLDAP32.dll
0x000007feeebd0000 - 0x000007feeebd9000 	C:\Windows\system32\SensApi.dll
0x000007fef9d70000 - 0x000007fef9f82000 	C:\PROGRA~2\Raptr\ltc_game64-96006.dll
0x000007fefedb0000 - 0x000007fefeff0000 	C:\Windows\system32\WININET.dll
0x000007fefd2b0000 - 0x000007fefd2b4000 	C:\Windows\system32\api-ms-win-downlevel-user32-l1-1-0.dll
0x000007fefd340000 - 0x000007fefd344000 	C:\Windows\system32\api-ms-win-downlevel-shlwapi-l1-1-0.dll
0x000007fefd3a0000 - 0x000007fefd3a4000 	C:\Windows\system32\api-ms-win-downlevel-version-l1-1-0.dll
0x000007fefd350000 - 0x000007fefd353000 	C:\Windows\system32\api-ms-win-downlevel-normaliz-l1-1-0.dll
0x00000000773d0000 - 0x00000000773d3000 	C:\Windows\system32\normaliz.DLL
0x000007fefd970000 - 0x000007fefdc19000 	C:\Windows\system32\iertutil.dll
0x000007fefd330000 - 0x000007fefd335000 	C:\Windows\system32\api-ms-win-downlevel-advapi32-l1-1-0.dll
0x000007feedc70000 - 0x000007feedd95000 	C:\Windows\system32\dbghelp.dll

VM Arguments:
jvm_args: -Dfile.encoding=Cp1252 
java_command: com.egysoft.ia.juego.Program
java_class_path (initial): C:\Users\Edgardo\Git\JuegoIA\JuegoIA-Desktop\build\classes;C:\Users\Edgardo\Git\JuegoIA\JuegoIA-Desktop\lib\gdx-backend-lwjgl-natives.jar;C:\Users\Edgardo\Git\JuegoIA\JuegoIA-Desktop\lib\gdx-backend-lwjgl.jar;C:\Users\Edgardo\Git\JuegoIA\JuegoIA-Desktop\lib\gdx-natives.jar;C:\Users\Edgardo\Git\JuegoIA\JuegoIA-Desktop\lib\gdx.jar;C:\Users\Edgardo\Git\JuegoIA\JuegoIA\build\classes;C:\Users\Edgardo\Git\JuegoIA\JuegoIA\lib\gdx.jar
Launcher Type: SUN_STANDARD

Environment Variables:
PATH=C:/Program Files/Java/jre1.8.0_31/bin/server;C:/Program Files/Java/jre1.8.0_31/bin;C:/Program Files/Java/jre1.8.0_31/lib/amd64;C:\Program Files (x86)\NVIDIA Corporation\PhysX\Common;C:\ProgramData\Oracle\Java\javapath;C:\Python34\Lib\site-packages\PyQt4;C:\Python27\Lib\site-packages\PyQt4;C:\Program Files\Common Files\Microsoft Shared\Windows Live;C:\Program Files (x86)\Common Files\Microsoft Shared\Windows Live;C:\Program Files\PHP\v5.3;C:\Program Files (x86)\AMD APP\bin\x86_64;C:\Program Files (x86)\AMD APP\bin\x86;C:\Windows\system32;C:\Windows;C:\Windows\System32\Wbem;C:\Windows\System32\WindowsPowerShell\v1.0\;C:\Program Files (x86)\ATI Technologies\ATI.ACE\Core-Static;C:\Program Files\TortoiseSVN\bin;c:\Program Files (x86)\Microsoft SQL Server\100\Tools\Binn\;c:\Program Files\Microsoft SQL Server\100\Tools\Binn\;c:\Program Files\Microsoft SQL Server\100\DTS\Binn\;C:\Program Files (x86)\Graphviz2.30\bin;C:\Program Files\Microsoft\Web Platform Installer\;C:\TDM-GCC-64\bin;C:\Program Files (x86)\Windows Live\Shared;C:\Program Files\Java\jdk1.7.0_45\bin;C:\Program Files (x86)\Microsoft SQL Server\100\Tools\Binn\VSShell\Common7\IDE\;C:\Program Files (x86)\Microsoft SQL Server\100\DTS\Binn\;C:\Program Files (x86)\Windows Kits\8.1\Windows Performance Toolkit\;C:\Program Files\Microsoft SQL Server\110\Tools\Binn\;C:\Program Files\doxygen\bin;C:\Program Files\Microsoft SDKs\Windows\v7.0\Bin;C:\Tools\swig;C:\Program Files (x86)\PHP\v5.3;C:\flex_sdk\4.6;C:\Python34\Scripts;C:\Python34;C:\Program Files\TortoiseGit\bin;C:\Program Files (x86)\AMD\ATI.ACE\Core-Static;C:\Program Files (x86)\Skype\Phone\;;C:\eclipse;
USERNAME=Edgardo
OS=Windows_NT
PROCESSOR_IDENTIFIER=AMD64 Family 21 Model 16 Stepping 1, AuthenticAMD



---------------  S Y S T E M  ---------------

OS: Windows 7 , 64 bit Build 7601 Service Pack 1

CPU:total 4 (4 cores per cpu, 1 threads per core) family 21 model 16 stepping 1, cmov, cx8, fxsr, mmx, sse, sse2, sse3, ssse3, sse4.1, sse4.2, popcnt, avx, aes, clmul, mmxext, 3dnowpref, lzcnt, sse4a, tsc, tscinvbit, tscinv, bmi1

Memory: 4k page, physical 7542672k(3018772k free), swap 15083480k(8423528k free)

vm_info: Java HotSpot(TM) 64-Bit Server VM (25.31-b07) for windows-amd64 JRE (1.8.0_31-b13), built on Dec 17 2014 21:00:28 by "java_re" with MS VC++ 10.0 (VS2010)

time: Wed May 06 06:45:58 2015
elapsed time: 67 seconds (0d 0h 1m 7s)

